<?xml version="1.0" encoding="utf-8"?>
<coverage line-rate="0.8" branch-rate="0.5" version="1.9" timestamp="1700000000" lines-covered="4" lines-valid="5" branches-covered="1" branches-valid="2">
  <sources>
    <source>/repo/src</source>
  </sources>
  <packages>
    <package name="Lib" line-rate="0.8" branch-rate="0.5" complexity="2">
      <classes>
        <class name="Lib.Code" filename="Lib/Code.cs" line-rate="1.0" branch-rate="1.0" complexity="1">
          <methods>
            <method name="DoWork" signature="()" line-rate="1.0" branch-rate="1.0" complexity="1">
              <lines>
                <line number="5" hits="3" branch="false" />
                <line number="6" hits="3" branch="false" />
                <line number="7" hits="1" branch="false" />
              </lines>
            </method>
          </methods>
          <lines>
            <line number="5" hits="3" branch="false" />
            <line number="6" hits="3" branch="false" />
            <line number="7" hits="1" branch="false" />
          </lines>
        </class>
        <class name="Lib.Other" filename="Lib/Other.cs" line-rate="0.5" branch-rate="0.0" complexity="1">
          <methods>
            <method name="Method1" signature="()" line-rate="1.0" branch-rate="1.0" complexity="1">
              <lines>
                <line number="10" hits="2" branch="false" />
              </lines>
            </method>
            <method name="Method2" signature="()" line-rate="0.0" branch-rate="0.0" complexity="1">
              <lines>
                <line number="20" hits="0" branch="false" />
              </lines>
            </method>
          </methods>
          <lines>
            <line number="10" hits="2" branch="false" />
            <line number="20" hits="0" branch="false" />
          </lines>
        </class>
      </classes>
    </package>
  </packages>
</coverage>
